0 info it worked if it ends with ok
1 verbose cli [ '/usr/bin/nodejs', '/usr/bin/npm', 'run', 'scss' ]
2 info using npm@3.5.2
3 info using node@v4.2.6
4 verbose run-script [ 'prescss', 'scss', 'postscss' ]
5 info lifecycle practice@1.0.0~prescss: practice@1.0.0
6 silly lifecycle practice@1.0.0~prescss: no script for prescss, continuing
7 info lifecycle practice@1.0.0~scss: practice@1.0.0
8 verbose lifecycle practice@1.0.0~scss: unsafe-perm in lifecycle true
9 verbose lifecycle practice@1.0.0~scss: PATH: /usr/share/npm/bin/node-gyp-bin:/home/ilovezoyakhan/we-mentor.github.io/node_modules/.bin:/home/ilovezoyakhan/bin:/home/ilovezoyakhan/.local/bin:/home/ilovezoyakhan/anaconda3/bin:/home/ilovezoyakhan/anaconda3/bin:/home/ilovezoyakhan/bin:/home/ilovezoyakhan/.local/bin:/home/ilovezoyakhan/bin:/home/ilovezoyakhan/.local/bin:/home/ilovezoyakhan/anaconda3/bin:/home/ilovezoyakhan/anaconda3/bin:/home/ilovezoyakhan/bin:/home/ilovezoyakhan/.local/bin:/home/ilovezoyakhan/anaconda3/bin:/home/ilovezoyakhan/anaconda3/bin:/usr/local/sbin:/usr/local/bin:/usr/sbin:/usr/bin:/sbin:/bin:/usr/games:/usr/local/games:/snap/bin
10 verbose lifecycle practice@1.0.0~scss: CWD: /home/ilovezoyakhan/we-mentor.github.io
11 silly lifecycle practice@1.0.0~scss: Args: [ '-c',
11 silly lifecycle   'node-sass --watch --recursive --output assets/css --source-map true --source-map-contents assets/sass' ]
12 silly lifecycle practice@1.0.0~scss: Returned: code: 1  signal: null
13 info lifecycle practice@1.0.0~scss: Failed to exec scss script
14 verbose stack Error: practice@1.0.0 scss: `node-sass --watch --recursive --output assets/css --source-map true --source-map-contents assets/sass`
14 verbose stack Exit status 1
14 verbose stack     at EventEmitter.<anonymous> (/usr/share/npm/lib/utils/lifecycle.js:232:16)
14 verbose stack     at emitTwo (events.js:87:13)
14 verbose stack     at EventEmitter.emit (events.js:172:7)
14 verbose stack     at ChildProcess.<anonymous> (/usr/share/npm/lib/utils/spawn.js:24:14)
14 verbose stack     at emitTwo (events.js:87:13)
14 verbose stack     at ChildProcess.emit (events.js:172:7)
14 verbose stack     at maybeClose (internal/child_process.js:821:16)
14 verbose stack     at Process.ChildProcess._handle.onexit (internal/child_process.js:211:5)
15 verbose pkgid practice@1.0.0
16 verbose cwd /home/ilovezoyakhan/we-mentor.github.io
17 error Linux 4.15.0-1080-gcp
18 error argv "/usr/bin/nodejs" "/usr/bin/npm" "run" "scss"
19 error node v4.2.6
20 error npm  v3.5.2
21 error code ELIFECYCLE
22 error practice@1.0.0 scss: `node-sass --watch --recursive --output assets/css --source-map true --source-map-contents assets/sass`
22 error Exit status 1
23 error Failed at the practice@1.0.0 scss script 'node-sass --watch --recursive --output assets/css --source-map true --source-map-contents assets/sass'.
23 error Make sure you have the latest version of node.js and npm installed.
23 error If you do, this is most likely a problem with the practice package,
23 error not with npm itself.
23 error Tell the author that this fails on your system:
23 error     node-sass --watch --recursive --output assets/css --source-map true --source-map-contents assets/sass
23 error You can get information on how to open an issue for this project with:
23 error     npm bugs practice
23 error Or if that isn't available, you can get their info via:
23 error     npm owner ls practice
23 error There is likely additional logging output above.
24 verbose exit [ 1, true ]
